[INFO ] 2023-06-05 12:38:01.155 [main] Hero_App - Close button is clickable
[INFO ] 2023-06-05 12:38:05.734 [main] Hero_App - Login with Registerd mobile number send successfully
[INFO ] 2023-06-05 12:38:08.209 [main] Hero_App - Coninue button is clickable
[INFO ] 2023-06-05 12:38:30.127 [main] Hero_App - enterOTP =1 send successfully
[INFO ] 2023-06-05 12:38:31.782 [main] Hero_App - enterOTP =2 send successfully
[INFO ] 2023-06-05 12:38:33.625 [main] Hero_App - enterOTP =3 send successfully
[INFO ] 2023-06-05 12:38:35.386 [main] Hero_App - enterOTP =4 send successfully
[INFO ] 2023-06-05 12:38:37.113 [main] Hero_App - enterOTP =5 send successfully
[INFO ] 2023-06-05 12:38:38.716 [main] Hero_App - enterOTP =6 send successfully
[INFO ] 2023-06-05 12:38:40.311 [main] Hero_App - Verify Button is clickable
[INFO ] 2023-06-05 12:38:45.754 [main] Hero_App -  Select first vehicle is clickable
[INFO ] 2023-06-05 12:38:47.680 [main] Hero_App - Continue Button after select vehicle is clickable
[INFO ] 2023-06-05 12:38:53.496 [main] Hero_App - While using the app is clickable
[INFO ] 2023-06-05 12:38:55.953 [main] Hero_App -  Services button is clickable
[INFO ] 2023-06-05 12:38:57.433 [main] Hero_App - Vehicle brand name = SPLENDOR +
[INFO ] 2023-06-05 12:38:57.690 [main] Hero_App - Vehicle nick name = qwertyuiopasdfghjklzxcvbnmqwe
[INFO ] 2023-06-05 12:38:57.888 [main] Hero_App - Vehicle number =MBLHAW090KHG13129
[INFO ] 2023-06-05 12:38:58.962 [main] Hero_App - Ongoing Service Details button is clickable
[INFO ] 2023-06-05 12:39:00.899 [main] Hero_App - Vehicle brand name in Ongoing Service details= SPLENDOR +
[INFO ] 2023-06-05 12:39:01.028 [main] Hero_App - Vehicle number in Ongoing Service details  = DL5SCH1073
[INFO ] 2023-06-05 12:39:01.162 [main] Hero_App - Vehicle Serial number in Ongoing Service details =SR No: 10375-03-RSRB-0423-146
[INFO ] 2023-06-05 12:39:01.333 [main] Hero_App - Service center name =HIMGIRI AUTOMOBILES (P) LTD.
[INFO ] 2023-06-05 12:39:01.463 [main] Hero_App - Service center address =A-19 JHILMIL IND AREA G.T. Road  EAST DELHI DELHI DELHI 110095
[INFO ] 2023-06-05 12:39:01.463 [main] Hero_App - ******************Job card , Estimated date & price ************************
[INFO ] 2023-06-05 12:39:01.588 [main] Hero_App - Estimated Amount =₹ 4000
[INFO ] 2023-06-05 12:39:01.775 [main] Hero_App - Estimated Date & Time =21 Apr 2023 at 09:29 PM
[INFO ] 2023-06-05 12:39:01.959 [main] Hero_App - Suppoter name =MANPREET KAUR
[INFO ] 2023-06-05 12:39:02.056 [main] Hero_App - Suppoter profile =Supervisor
[INFO ] 2023-06-05 12:39:02.179 [main] Hero_App - Suppoter Mobile number =7291887645
[INFO ] 2023-06-05 12:39:02.690 [main] Hero_App -  call supporter name  is clickable
[INFO ] 2023-06-05 12:39:06.847 [main] Hero_App - Collapse Button is clickable
[INFO ] 2023-06-05 12:39:08.290 [main] Hero_App - Back collapse_button is clickable
[INFO ] 2023-06-05 12:39:09.656 [main] Hero_App - Back from Ongoing Service details is clickable
[INFO ] 2023-06-05 12:39:10.131 [main] Hero_App - Service Booked details is clickable
[INFO ] 2023-06-05 12:39:12.099 [main] Hero_App - Vehicle brand name in Ongoing Service details= SPLENDOR +
[INFO ] 2023-06-05 12:39:12.246 [main] Hero_App - Vehicle number in Ongoing Service details  = DL5SCH1073
[INFO ] 2023-06-05 12:39:12.305 [main] Hero_App - Vehicle Serial number in Ongoing Service details =SR No: 10375-03-RSRB-0423-146
[INFO ] 2023-06-05 12:39:12.498 [main] Hero_App - Service center name =HIMGIRI AUTOMOBILES (P) LTD.
[INFO ] 2023-06-05 12:39:12.699 [main] Hero_App - Service center address =A-19 JHILMIL IND AREA G.T. Road  EAST DELHI DELHI DELHI 110095
[INFO ] 2023-06-05 12:39:12.700 [main] Hero_App - ******************Job card , Estimated date & price ************************
[INFO ] 2023-06-05 12:39:12.878 [main] Hero_App - Estimated Amount =₹ 4000
[INFO ] 2023-06-05 12:39:13.012 [main] Hero_App - Estimated Date & Time =21 Apr 2023 at 09:29 PM
[INFO ] 2023-06-05 12:39:13.166 [main] Hero_App - Suppoter name =MANPREET KAUR
[INFO ] 2023-06-05 12:39:13.312 [main] Hero_App - Suppoter profile =Supervisor
[INFO ] 2023-06-05 12:39:13.477 [main] Hero_App - Suppoter Mobile number =7291887645
[INFO ] 2023-06-05 12:39:14.011 [main] Hero_App -  call supporter name  is clickable
[INFO ] 2023-06-05 12:39:18.845 [main] Hero_App - Collapse Button is clickable
[INFO ] 2023-06-05 12:39:19.939 [main] Hero_App - Back collapse_button is clickable
[INFO ] 2023-06-05 12:39:21.205 [main] Hero_App - Back from Ongoing Service details is clickable
[INFO ] 2023-06-05 12:39:22.040 [main] Hero_App - Last Serviced  is clickable
[INFO ] 2023-06-05 12:39:24.162 [main] Hero_App - Service History
[INFO ] 2023-06-05 12:39:24.480 [main] Hero_App - 02 Mar 2022
[INFO ] 2023-06-05 12:39:24.677 [main] Hero_App - General Repair
[INFO ] 2023-06-05 12:39:24.967 [main] Hero_App - 5284 km
[INFO ] 2023-06-05 12:39:25.203 [main] Hero_App - 
[INFO ] 2023-06-05 12:39:25.379 [main] Hero_App - 11780-03-RSRB-0721-2842
[INFO ] 2023-06-05 12:39:25.841 [main] Hero_App - Details is clickable
[INFO ] 2023-06-05 12:39:27.830 [main] Hero_App - Vehicle brand name in Ongoing Service details= SPLENDOR +
[INFO ] 2023-06-05 12:39:28.073 [main] Hero_App - Vehicle number in Ongoing Service details  = DL5SCH1073
[INFO ] 2023-06-05 12:39:28.424 [main] Hero_App - Vehicle Serial number in Ongoing Service details =SR No: 11780-03-RSRB-0721-2842
[INFO ] 2023-06-05 12:39:28.827 [main] Hero_App - Service center name =R.K.AUTOMOBILES
[INFO ] 2023-06-05 12:39:28.974 [main] Hero_App - Service center address =PLOT NO- 340, G/F KH NO-1184/20 MAIN G.T. ROAD FRIENDS CLY. NEW DELHI NEW DELHI DELHI 110095
[INFO ] 2023-06-05 12:39:28.975 [main] Hero_App - ******************Job card , Estimated date & price ************************
[INFO ] 2023-06-05 12:39:29.169 [main] Hero_App - Estimated Amount =₹ 0
[INFO ] 2023-06-05 12:39:29.392 [main] Hero_App - Estimated Date & Time =02 Mar 2022 at 03:53 AM
[INFO ] 2023-06-05 12:39:29.564 [main] Hero_App - Suppoter name =RAJENDER CHOODHARY
[INFO ] 2023-06-05 12:39:29.737 [main] Hero_App - Suppoter profile =Supervisor
[INFO ] 2023-06-05 12:39:29.837 [main] Hero_App - Suppoter Mobile number =8750057009
[INFO ] 2023-06-05 12:39:30.532 [main] Hero_App -  call supporter name  is clickable
[INFO ] 2023-06-05 12:39:35.173 [main] Hero_App - Service History is clickable
[INFO ] 2023-06-05 12:39:36.022 [main] Hero_App - 06 Sep 2020
[INFO ] 2023-06-05 12:39:36.254 [main] Hero_App - FSC
[INFO ] 2023-06-05 12:39:36.569 [main] Hero_App - 5284 km
[INFO ] 2023-06-05 12:39:36.972 [main] Hero_App - 
[INFO ] 2023-06-05 12:39:37.160 [main] Hero_App - 11780-03-RSRB-0920-5553
[INFO ] 2023-06-05 12:39:37.510 [main] Hero_App - Details is clickable
[INFO ] 2023-06-05 12:39:39.327 [main] Hero_App - Vehicle brand name in Ongoing Service details= SPLENDOR +
[INFO ] 2023-06-05 12:39:39.539 [main] Hero_App - Vehicle number in Ongoing Service details  = DL5SCH1073
[INFO ] 2023-06-05 12:39:39.661 [main] Hero_App - Vehicle Serial number in Ongoing Service details =SR No: 11780-03-RSRB-0920-5553
[INFO ] 2023-06-05 12:39:39.993 [main] Hero_App - Service center name =R.K.AUTOMOBILES
[INFO ] 2023-06-05 12:39:40.106 [main] Hero_App - Service center address =PLOT NO- 340, G/F KH NO-1184/20 MAIN G.T. ROAD FRIENDS CLY. NEW DELHI NEW DELHI DELHI 110095
[INFO ] 2023-06-05 12:39:40.106 [main] Hero_App - ******************Job card , Estimated date & price ************************
[INFO ] 2023-06-05 12:39:40.227 [main] Hero_App - Estimated Amount =₹ 406.402
[INFO ] 2023-06-05 12:39:40.309 [main] Hero_App - Estimated Date & Time =06 Sep 2020 at 10:46 AM
[INFO ] 2023-06-05 12:39:40.391 [main] Hero_App - Suppoter name =RANJEET SINGH
[INFO ] 2023-06-05 12:39:40.601 [main] Hero_App - Suppoter profile =Supervisor
[INFO ] 2023-06-05 12:39:40.745 [main] Hero_App - Suppoter Mobile number =8282828282
[INFO ] 2023-06-05 12:39:41.354 [main] Hero_App -  call supporter name  is clickable
[INFO ] 2023-06-05 12:39:46.034 [main] Hero_App - Service History is clickable
[INFO ] 2023-06-05 12:39:46.836 [main] Hero_App - 31 May 2020
[INFO ] 2023-06-05 12:39:47.033 [main] Hero_App - FSC
[INFO ] 2023-06-05 12:39:47.172 [main] Hero_App - 3965 km
[INFO ] 2023-06-05 12:39:47.335 [main] Hero_App - 
[INFO ] 2023-06-05 12:39:47.508 [main] Hero_App - 11780-03-RSRB-0520-665
[INFO ] 2023-06-05 12:39:47.898 [main] Hero_App - Details is clickable
[INFO ] 2023-06-05 12:39:54.860 [main] Hero_App - Vehicle brand name in Ongoing Service details= SPLENDOR +
[INFO ] 2023-06-05 12:39:55.080 [main] Hero_App - Vehicle number in Ongoing Service details  = DL5SCH1073
[INFO ] 2023-06-05 12:39:55.431 [main] Hero_App - Vehicle Serial number in Ongoing Service details =SR No: 11780-03-RSRB-0520-665
[INFO ] 2023-06-05 12:39:56.027 [main] Hero_App - Service center name =R.K.AUTOMOBILES
[INFO ] 2023-06-05 12:39:56.202 [main] Hero_App - Service center address =PLOT NO- 340, G/F KH NO-1184/20 MAIN G.T. ROAD FRIENDS CLY. NEW DELHI NEW DELHI DELHI 110095
[INFO ] 2023-06-05 12:39:56.202 [main] Hero_App - ******************Job card , Estimated date & price ************************
[INFO ] 2023-06-05 12:39:56.364 [main] Hero_App - Estimated Amount =₹ 304.4518
[INFO ] 2023-06-05 12:39:56.519 [main] Hero_App - Estimated Date & Time =31 May 2020 at 09:20 AM
[INFO ] 2023-06-05 12:39:56.679 [main] Hero_App - Suppoter name =RAJENDER CHOODHARY
[INFO ] 2023-06-05 12:39:56.863 [main] Hero_App - Suppoter profile =Supervisor
[INFO ] 2023-06-05 12:39:57.037 [main] Hero_App - Suppoter Mobile number =8750057009
[INFO ] 2023-06-05 12:39:57.652 [main] Hero_App -  call supporter name  is clickable
[INFO ] 2023-06-05 12:40:01.457 [main] Hero_App - Service History is clickable
[INFO ] 2023-06-05 12:40:02.357 [main] Hero_App - 12 Feb 2020
[INFO ] 2023-06-05 12:40:02.583 [main] Hero_App - FSC
[INFO ] 2023-06-05 12:40:03.020 [main] Hero_App - 2210 km
[INFO ] 2023-06-05 12:40:03.245 [main] Hero_App - 
[INFO ] 2023-06-05 12:40:03.527 [main] Hero_App - 11780-03-RSRB-0220-20200
[INFO ] 2023-06-05 12:40:04.735 [main] Hero_App - Details is clickable
[INFO ] 2023-06-05 12:40:06.506 [main] Hero_App - Vehicle brand name in Ongoing Service details= SPLENDOR +
[INFO ] 2023-06-05 12:40:06.596 [main] Hero_App - Vehicle number in Ongoing Service details  = DL5SCH1073
[INFO ] 2023-06-05 12:40:06.678 [main] Hero_App - Vehicle Serial number in Ongoing Service details =SR No: 11780-03-RSRB-0220-20200
[INFO ] 2023-06-05 12:40:06.898 [main] Hero_App - Service center name =R.K.AUTOMOBILES
[INFO ] 2023-06-05 12:40:07.064 [main] Hero_App - Service center address =PLOT NO- 340, G/F KH NO-1184/20 MAIN G.T. ROAD FRIENDS CLY. NEW DELHI NEW DELHI DELHI 110095
[INFO ] 2023-06-05 12:40:07.065 [main] Hero_App - ******************Job card , Estimated date & price ************************
[INFO ] 2023-06-05 12:40:07.168 [main] Hero_App - Estimated Amount =₹ 157.8368
[INFO ] 2023-06-05 12:40:07.265 [main] Hero_App - Estimated Date & Time =12 Feb 2020 at 08:32 AM
[INFO ] 2023-06-05 12:40:07.329 [main] Hero_App - Suppoter name =BOBBY .11780-130
[INFO ] 2023-06-05 12:40:07.406 [main] Hero_App - Suppoter profile =Supervisor
[INFO ] 2023-06-05 12:40:07.482 [main] Hero_App - Suppoter Mobile number =8742927812
[INFO ] 2023-06-05 12:40:07.854 [main] Hero_App -  call supporter name  is clickable
[INFO ] 2023-06-05 12:40:11.639 [main] Hero_App - Service History is clickable
[INFO ] 2023-06-05 12:40:12.472 [main] Hero_App - 06 Nov 2019
[INFO ] 2023-06-05 12:40:13.184 [main] Hero_App - FSC
[INFO ] 2023-06-05 12:40:13.646 [main] Hero_App - 503 km
[INFO ] 2023-06-05 12:40:15.345 [main] Hero_App - Back from Service history is clickable
[INFO ] 2023-06-05 12:40:16.105 [main] Hero_App - Tips and DIY is clickable
[INFO ] 2023-06-05 12:40:18.587 [main] Hero_App - Pre Bike Riding Tips_Air Suction Valve
[INFO ] 2023-06-05 12:40:18.780 [main] Hero_App - Pre Bike Riding Tips_Air Suction Valve is clickable
[INFO ] 2023-06-05 12:40:24.056 [main] Hero_App - Pre Bike Riding Tips_Air Suction Valve PDF image is available for guide
[INFO ] 2023-06-05 12:40:25.550 [main] Hero_App - Back from Pre Bike Riding Tips_Air Suction Valve is clickable
[INFO ] 2023-06-05 12:40:26.592 [main] Hero_App - Pre Bike Riding Tips_Battery
[INFO ] 2023-06-05 12:40:27.020 [main] Hero_App - Pre Bike Riding Tips_Battery is clickable
[INFO ] 2023-06-05 12:40:31.387 [main] Hero_App - Pre Bike Riding Tips_Battery PDF image is available for guide
[INFO ] 2023-06-05 12:40:32.190 [main] Hero_App - Back from Pre Bike Riding Tips_Battery is clickable
[INFO ] 2023-06-05 12:40:33.154 [main] Hero_App - Pre Bike Riding Tips_Clutch
[INFO ] 2023-06-05 12:40:33.434 [main] Hero_App - Pre Bike Riding Tips_Clutch is clickable
[INFO ] 2023-06-05 12:40:38.082 [main] Hero_App - Pre Bike Riding Tips_Clutch PDF image is available for guide
[INFO ] 2023-06-05 12:40:38.957 [main] Hero_App - Back from Pre Bike Riding Tips_Clutch is clickable
[INFO ] 2023-06-05 12:40:39.654 [main] Hero_App - Pre Bike Riding Tips_Drive Chain
[INFO ] 2023-06-05 12:40:39.854 [main] Hero_App - Pre Bike Riding Tips_Drive Chain is clickable
[INFO ] 2023-06-05 12:40:44.625 [main] Hero_App - Pre Bike Riding Tips_Drive Chain PDF image is available for guide
[INFO ] 2023-06-05 12:40:45.622 [main] Hero_App - Back from Pre Bike Riding Tips_Drive Chain is clickable
[INFO ] 2023-06-05 12:40:46.622 [main] Hero_App - Pre Bike Riding Tips_Engine Oil Level
[INFO ] 2023-06-05 12:40:46.988 [main] Hero_App - Pre Bike Riding Tips_Engine Oil Level is clickable
[INFO ] 2023-06-05 12:40:51.654 [main] Hero_App - Pre Bike Riding Tips_Engine Oil Level PDF image is available for guide
[INFO ] 2023-06-05 12:40:52.473 [main] Hero_App - Back from Pre Bike Riding Tips_Engine Oil Level is clickable
[INFO ] 2023-06-05 12:40:53.461 [main] Hero_App - Pre Bike Riding Tips_FITTING AND FASTENERS
[INFO ] 2023-06-05 12:40:53.846 [main] Hero_App - Pre Bike Riding Tips_FITTING AND FASTENERS is clickable
[INFO ] 2023-06-05 12:40:58.576 [main] Hero_App - Pre Bike Riding Tips_FITTING AND FASTENERS PDF image is available for guide
[INFO ] 2023-06-05 12:40:59.335 [main] Hero_App - Back from Pre Bike Riding Tips_FITTING AND FASTENERS is clickable
[INFO ] 2023-06-05 12:41:00.254 [main] Hero_App - Pre Bike Riding Tips_Front and Rear brakes
[INFO ] 2023-06-05 12:41:00.431 [main] Hero_App - Pre Bike Riding Tips_Front and Rear brakes is clickable
[INFO ] 2023-06-05 12:41:04.833 [main] Hero_App - Pre Bike Riding Tips_Front and Rear brakes PDF image is available for guide
[INFO ] 2023-06-05 12:41:06.794 [main] Hero_App - Back from Pre Bike Riding Tips_Front and Rear brakes is clickable
[INFO ] 2023-06-05 12:41:07.607 [main] Hero_App - Pre Bike Riding Tips_Fuel Level
[INFO ] 2023-06-05 12:41:07.939 [main] Hero_App - Pre Bike Riding Tips_Fuel Level is clickable
[INFO ] 2023-06-05 12:41:12.207 [main] Hero_App - Pre Bike Riding Tips_Fuel Level PDF image is available for guide
[INFO ] 2023-06-05 12:41:12.904 [main] Hero_App - Back from Pre Bike Riding Tips_Fuel Level is clickable
[INFO ] 2023-06-05 12:41:13.900 [main] Hero_App - Pre Bike Riding Tips_Tyres
[INFO ] 2023-06-05 12:41:14.185 [main] Hero_App - Pre Bike Riding Tips_Tyres is clickable
[INFO ] 2023-06-05 12:41:18.891 [main] Hero_App - Pre Bike Riding Tips_Tyres PDF image is available for guide
[INFO ] 2023-06-05 12:41:21.842 [main] Hero_App - Back from Pre Bike Riding Tips_Tyres is clickable
[INFO ] 2023-06-05 12:41:22.969 [main] Hero_App - DIY Videos button is clickable
[INFO ] 2023-06-05 12:41:24.321 [main] Hero_App -  Video
[INFO ] 2023-06-05 12:41:24.768 [main] Hero_App -  is clickable
[ERROR] 2023-06-05 12:42:07.877 [main] Hero_App -  Play video is not clickable
